<?xml version="1.0" encoding="UTF-8"?>
<testsuite name="com.evinance.assignment.AsyncLoggerTest" tests="1" skipped="0" failures="0" errors="0" timestamp="2017-08-09T01:43:23" hostname="Air-de-Arjun.local" time="0.006">
  <properties/>
  <testcase name="testLog" classname="com.evinance.assignment.AsyncLoggerTest" time="0.006"/>
  <system-out><![CDATA[]]></system-out>
  <system-err><![CDATA[]]></system-err>
</testsuite>
